<?xml version="1.0" encoding="UTF-8"?>
<!-- Generated by org.testng.reporters.JUnitXMLReporter -->
<testsuite ignored="0" hostname="DESKTOP-BPNON4T" failures="3" tests="3" name="Default test(failed)" time="60.844" errors="0" timestamp="16 Jul 2020 18:55:09 GMT">
  <testcase classname="com.exceldatadriver.test.MyAutomationPracticeTest" name="Login" time="10.505">
    <failure type="java.lang.AssertionError" message="The following asserts failed:
	Test Case is Failed expected [My account - My Store] but found [Login - My Store]">
      <![CDATA[java.lang.AssertionError: The following asserts failed:
Test Case is Failed expected [My account - My Store] but found [Login - My Store]
at com.exceldatadriver.test.MyAutomationPracticeTest.Login(MyAutomationPracticeTest.java:63)
... Removed 26 stack frames]]>
    </failure>
  </testcase> <!-- Login -->
  <testcase classname="com.exceldatadriver.test.MyAutomationPracticeTest" name="Login" time="9.558">
    <failure type="java.lang.AssertionError" message="The following asserts failed:
	Test Case is Failed expected [My account - My Store] but found [Login - My Store],
	Test Case is Failed expected [My account - My Store] but found [Login - My Store]">
      <![CDATA[java.lang.AssertionError: The following asserts failed:
Test Case is Failed expected [My account - My Store] but found [Login - My Store],
Test Case is Failed expected [My account - My Store] but found [Login - My Store]
at com.exceldatadriver.test.MyAutomationPracticeTest.Login(MyAutomationPracticeTest.java:63)
... Removed 26 stack frames]]>
    </failure>
  </testcase> <!-- Login -->
  <testcase classname="com.exceldatadriver.test.MyAutomationPracticeTest" name="Login" time="10.195">
    <failure type="java.lang.AssertionError" message="The following asserts failed:
	Test Case is Failed expected [My account - My Store] but found [Login - My Store],
	Test Case is Failed expected [My account - My Store] but found [Login - My Store],
	Test Case is Failed expected [My account - My Store] but found [Login - My Store]">
      <![CDATA[java.lang.AssertionError: The following asserts failed:
Test Case is Failed expected [My account - My Store] but found [Login - My Store],
Test Case is Failed expected [My account - My Store] but found [Login - My Store],
Test Case is Failed expected [My account - My Store] but found [Login - My Store]
at com.exceldatadriver.test.MyAutomationPracticeTest.Login(MyAutomationPracticeTest.java:63)
... Removed 26 stack frames]]>
    </failure>
  </testcase> <!-- Login -->
</testsuite> <!-- Default test(failed) -->
